<?xml version="1.0" ?>
<!DOCTYPE coverage SYSTEM "http://cobertura.sourceforge.net/xml/coverage-04.dtd">
<coverage lines-valid="634" lines-covered="535" line-rate="0.8438" branches-valid="374" branches-covered="272" branch-rate="0.7272" timestamp="1774114658102" complexity="0" version="0.1">
  <sources>
    <source>/home/runner/work/hexadian-auth-service/hexadian-auth-service/auth-backoffice</source>
  </sources>
  <packages>
    <package name="api" line-rate="0.1826" branch-rate="0.1724">
      <classes>
        <class name="auth.ts" filename="src/api/auth.ts" line-rate="0.7646999999999999" branch-rate="0.6666">
          <methods>
            <method name="exchangeCode" hits="2" signature="()V">
              <lines>
                <line number="11" hits="2"/>
              </lines>
            </method>
            <method name="login" hits="2" signature="()V">
              <lines>
                <line number="26" hits="2"/>
              </lines>
            </method>
            <method name="refreshToken" hits="2" signature="()V">
              <lines>
                <line number="38" hits="2"/>
              </lines>
            </method>
            <method name="changePassword" hits="0" signature="()V">
              <lines>
                <line number="50" hits="0"/>
              </lines>
            </method>
            <method name="(anonymous_4)" hits="0" signature="()V">
              <lines>
                <line number="57" hits="0"/>
              </lines>
            </method>
          </methods>
          <lines>
            <line number="4" hits="2" branch="true" condition-coverage="100% (2/2)"/>
            <line number="15" hits="2" branch="false"/>
            <line number="20" hits="2" branch="true" condition-coverage="100% (2/2)"/>
            <line number="21" hits="1" branch="false"/>
            <line number="23" hits="1" branch="false"/>
            <line number="27" hits="2" branch="false"/>
            <line number="32" hits="2" branch="true" condition-coverage="100% (2/2)"/>
            <line number="33" hits="1" branch="false"/>
            <line number="35" hits="1" branch="false"/>
            <line number="39" hits="2" branch="false"/>
            <line number="44" hits="2" branch="true" condition-coverage="100% (2/2)"/>
            <line number="45" hits="1" branch="false"/>
            <line number="47" hits="1" branch="false"/>
            <line number="51" hits="0" branch="false"/>
            <line number="56" hits="0" branch="true" condition-coverage="0% (0/2)"/>
            <line number="57" hits="0" branch="false"/>
            <line number="58" hits="0" branch="true" condition-coverage="0% (0/2)"/>
          </lines>
        </class>
        <class name="rbac.ts" filename="src/api/rbac.ts" line-rate="0.046799999999999994" branch-rate="0.0294">
          <methods>
            <method name="listPermissions" hits="0" signature="()V">
              <lines>
                <line number="14" hits="0"/>
              </lines>
            </method>
            <method name="createPermission" hits="0" signature="()V">
              <lines>
                <line number="22" hits="0"/>
              </lines>
            </method>
            <method name="updatePermission" hits="0" signature="()V">
              <lines>
                <line number="34" hits="0"/>
              </lines>
            </method>
            <method name="deletePermission" hits="0" signature="()V">
              <lines>
                <line number="46" hits="0"/>
              </lines>
            </method>
            <method name="listRoles" hits="0" signature="()V">
              <lines>
                <line number="56" hits="0"/>
              </lines>
            </method>
            <method name="getRole" hits="0" signature="()V">
              <lines>
                <line number="64" hits="0"/>
              </lines>
            </method>
            <method name="createRole" hits="0" signature="()V">
              <lines>
                <line number="72" hits="0"/>
              </lines>
            </method>
            <method name="updateRole" hits="0" signature="()V">
              <lines>
                <line number="84" hits="0"/>
              </lines>
            </method>
            <method name="deleteRole" hits="0" signature="()V">
              <lines>
                <line number="96" hits="0"/>
              </lines>
            </method>
            <method name="listGroups" hits="3" signature="()V">
              <lines>
                <line number="106" hits="3"/>
              </lines>
            </method>
            <method name="getGroup" hits="0" signature="()V">
              <lines>
                <line number="114" hits="0"/>
              </lines>
            </method>
            <method name="createGroup" hits="0" signature="()V">
              <lines>
                <line number="122" hits="0"/>
              </lines>
            </method>
            <method name="updateGroup" hits="0" signature="()V">
              <lines>
                <line number="134" hits="0"/>
              </lines>
            </method>
            <method name="deleteGroup" hits="0" signature="()V">
              <lines>
                <line number="146" hits="0"/>
              </lines>
            </method>
            <method name="listUsers" hits="0" signature="()V">
              <lines>
                <line number="156" hits="0"/>
              </lines>
            </method>
            <method name="assignUserGroup" hits="0" signature="()V">
              <lines>
                <line number="165" hits="0"/>
              </lines>
            </method>
            <method name="removeUserGroup" hits="0" signature="()V">
              <lines>
                <line number="176" hits="0"/>
              </lines>
            </method>
          </methods>
          <lines>
            <line number="11" hits="1" branch="false"/>
            <line number="15" hits="0" branch="false"/>
            <line number="16" hits="0" branch="true" condition-coverage="0% (0/2)"/>
            <line number="17" hits="0" branch="false"/>
            <line number="19" hits="0" branch="false"/>
            <line number="23" hits="0" branch="false"/>
            <line number="28" hits="0" branch="true" condition-coverage="0% (0/2)"/>
            <line number="29" hits="0" branch="false"/>
            <line number="31" hits="0" branch="false"/>
            <line number="35" hits="0" branch="false"/>
            <line number="40" hits="0" branch="true" condition-coverage="0% (0/2)"/>
            <line number="41" hits="0" branch="false"/>
            <line number="43" hits="0" branch="false"/>
            <line number="47" hits="0" branch="false"/>
            <line number="50" hits="0" branch="true" condition-coverage="0% (0/2)"/>
            <line number="51" hits="0" branch="false"/>
            <line number="57" hits="0" branch="false"/>
            <line number="58" hits="0" branch="true" condition-coverage="0% (0/2)"/>
            <line number="59" hits="0" branch="false"/>
            <line number="61" hits="0" branch="false"/>
            <line number="65" hits="0" branch="false"/>
            <line number="66" hits="0" branch="true" condition-coverage="0% (0/2)"/>
            <line number="67" hits="0" branch="false"/>
            <line number="69" hits="0" branch="false"/>
            <line number="73" hits="0" branch="false"/>
            <line number="78" hits="0" branch="true" condition-coverage="0% (0/2)"/>
            <line number="79" hits="0" branch="false"/>
            <line number="81" hits="0" branch="false"/>
            <line number="85" hits="0" branch="false"/>
            <line number="90" hits="0" branch="true" condition-coverage="0% (0/2)"/>
            <line number="91" hits="0" branch="false"/>
            <line number="93" hits="0" branch="false"/>
            <line number="97" hits="0" branch="false"/>
            <line number="100" hits="0" branch="true" condition-coverage="0% (0/2)"/>
            <line number="101" hits="0" branch="false"/>
            <line number="107" hits="3" branch="false"/>
            <line number="108" hits="3" branch="true" condition-coverage="50% (1/2)"/>
            <line number="109" hits="0" branch="false"/>
            <line number="111" hits="0" branch="false"/>
            <line number="115" hits="0" branch="false"/>
            <line number="116" hits="0" branch="true" condition-coverage="0% (0/2)"/>
            <line number="117" hits="0" branch="false"/>
            <line number="119" hits="0" branch="false"/>
            <line number="123" hits="0" branch="false"/>
            <line number="128" hits="0" branch="true" condition-coverage="0% (0/2)"/>
            <line number="129" hits="0" branch="false"/>
            <line number="131" hits="0" branch="false"/>
            <line number="135" hits="0" branch="false"/>
            <line number="140" hits="0" branch="true" condition-coverage="0% (0/2)"/>
            <line number="141" hits="0" branch="false"/>
            <line number="143" hits="0" branch="false"/>
            <line number="147" hits="0" branch="false"/>
            <line number="150" hits="0" branch="true" condition-coverage="0% (0/2)"/>
            <line number="151" hits="0" branch="false"/>
            <line number="157" hits="0" branch="false"/>
            <line number="158" hits="0" branch="true" condition-coverage="0% (0/2)"/>
            <line number="159" hits="0" branch="false"/>
            <line number="161" hits="0" branch="false"/>
            <line number="166" hits="0" branch="false"/>
            <line number="171" hits="0" branch="true" condition-coverage="0% (0/2)"/>
            <line number="172" hits="0" branch="false"/>
            <line number="177" hits="0" branch="false"/>
            <line number="180" hits="0" branch="true" condition-coverage="0% (0/2)"/>
            <line number="181" hits="0" branch="false"/>
          </lines>
        </class>
        <class name="users.ts" filename="src/api/users.ts" line-rate="0.1304" branch-rate="0.0833">
          <methods>
            <method name="listUsers" hits="3" signature="()V">
              <lines>
                <line number="6" hits="3"/>
              </lines>
            </method>
            <method name="getUser" hits="0" signature="()V">
              <lines>
                <line number="14" hits="0"/>
              </lines>
            </method>
            <method name="createUser" hits="0" signature="()V">
              <lines>
                <line number="22" hits="0"/>
              </lines>
            </method>
            <method name="updateUser" hits="0" signature="()V">
              <lines>
                <line number="34" hits="0"/>
              </lines>
            </method>
            <method name="deleteUser" hits="0" signature="()V">
              <lines>
                <line number="46" hits="0"/>
              </lines>
            </method>
            <method name="resetPassword" hits="0" signature="()V">
              <lines>
                <line number="55" hits="0"/>
              </lines>
            </method>
          </methods>
          <lines>
            <line number="4" hits="1" branch="false"/>
            <line number="7" hits="3" branch="false"/>
            <line number="8" hits="3" branch="true" condition-coverage="50% (1/2)"/>
            <line number="9" hits="0" branch="false"/>
            <line number="11" hits="0" branch="false"/>
            <line number="15" hits="0" branch="false"/>
            <line number="16" hits="0" branch="true" condition-coverage="0% (0/2)"/>
            <line number="17" hits="0" branch="false"/>
            <line number="19" hits="0" branch="false"/>
            <line number="23" hits="0" branch="false"/>
            <line number="28" hits="0" branch="true" condition-coverage="0% (0/2)"/>
            <line number="29" hits="0" branch="false"/>
            <line number="31" hits="0" branch="false"/>
            <line number="35" hits="0" branch="false"/>
            <line number="40" hits="0" branch="true" condition-coverage="0% (0/2)"/>
            <line number="41" hits="0" branch="false"/>
            <line number="43" hits="0" branch="false"/>
            <line number="47" hits="0" branch="false"/>
            <line number="50" hits="0" branch="true" condition-coverage="0% (0/2)"/>
            <line number="51" hits="0" branch="false"/>
            <line number="56" hits="0" branch="false"/>
            <line number="61" hits="0" branch="true" condition-coverage="0% (0/2)"/>
            <line number="62" hits="0" branch="false"/>
          </lines>
        </class>
      </classes>
    </package>
    <package name="components" line-rate="1" branch-rate="0.9642000000000001">
      <classes>
        <class name="ChangePasswordDialog.tsx" filename="src/components/ChangePasswordDialog.tsx" line-rate="1" branch-rate="0.9642000000000001">
          <methods>
            <method name="ChangePasswordDialog" hits="167" signature="()V">
              <lines>
                <line number="9" hits="167"/>
              </lines>
            </method>
            <method name="validate" hits="5" signature="()V">
              <lines>
                <line number="20" hits="5"/>
              </lines>
            </method>
            <method name="handleSubmit" hits="5" signature="()V">
              <lines>
                <line number="36" hits="5"/>
              </lines>
            </method>
            <method name="handleCancel" hits="1" signature="()V">
              <lines>
                <line number="55" hits="1"/>
              </lines>
            </method>
            <method name="(anonymous_4)" hits="42" signature="()V">
              <lines>
                <line number="104" hits="42"/>
              </lines>
            </method>
            <method name="(anonymous_5)" hits="47" signature="()V">
              <lines>
                <line number="121" hits="47"/>
              </lines>
            </method>
            <method name="(anonymous_6)" hits="50" signature="()V">
              <lines>
                <line number="138" hits="50"/>
              </lines>
            </method>
          </methods>
          <lines>
            <line number="10" hits="167" branch="false"/>
            <line number="11" hits="167" branch="false"/>
            <line number="12" hits="167" branch="false"/>
            <line number="13" hits="167" branch="false"/>
            <line number="14" hits="167" branch="false"/>
            <line number="15" hits="167" branch="false"/>
            <line number="16" hits="167" branch="false"/>
            <line number="18" hits="167" branch="true" condition-coverage="100% (2/2)"/>
            <line number="21" hits="5" branch="false"/>
            <line number="22" hits="5" branch="true" condition-coverage="100% (2/2)"/>
            <line number="23" hits="5" branch="true" condition-coverage="100% (2/2)"/>
            <line number="24" hits="1" branch="false"/>
            <line number="25" hits="4" branch="true" condition-coverage="100% (2/2)"/>
            <line number="26" hits="1" branch="false"/>
            <line number="28" hits="5" branch="true" condition-coverage="100% (2/2)"/>
            <line number="29" hits="1" branch="false"/>
            <line number="30" hits="4" branch="true" condition-coverage="100% (2/2)"/>
            <line number="31" hits="1" branch="false"/>
            <line number="33" hits="5" branch="false"/>
            <line number="37" hits="5" branch="false"/>
            <line number="38" hits="5" branch="false"/>
            <line number="40" hits="5" branch="false"/>
            <line number="41" hits="5" branch="false"/>
            <line number="42" hits="5" branch="true" condition-coverage="100% (2/2)"/>
            <line number="44" hits="2" branch="false"/>
            <line number="45" hits="2" branch="false"/>
            <line number="46" hits="2" branch="false"/>
            <line number="47" hits="1" branch="false"/>
            <line number="49" hits="1" branch="true" condition-coverage="50% (1/2)"/>
            <line number="51" hits="2" branch="false"/>
            <line number="56" hits="1" branch="false"/>
            <line number="57" hits="1" branch="false"/>
            <line number="58" hits="1" branch="false"/>
            <line number="59" hits="1" branch="false"/>
            <line number="60" hits="1" branch="false"/>
            <line number="61" hits="1" branch="false"/>
            <line number="62" hits="1" branch="false"/>
            <line number="66" hits="153" branch="false"/>
            <line number="68" hits="153" branch="true" condition-coverage="100% (2/2)"/>
            <line number="69" hits="1" branch="false"/>
            <line number="81" hits="152" branch="false"/>
            <line number="104" hits="42" branch="false"/>
            <line number="121" hits="47" branch="false"/>
            <line number="138" hits="50" branch="false"/>
          </lines>
        </class>
      </classes>
    </package>
    <package name="layouts" line-rate="0.8571" branch-rate="1">
      <classes>
        <class name="DashboardLayout.tsx" filename="src/layouts/DashboardLayout.tsx" line-rate="0.8571" branch-rate="1">
          <methods>
            <method name="DashboardLayout" hits="21" signature="()V">
              <lines>
                <line number="19" hits="21"/>
              </lines>
            </method>
            <method name="handleChangePassword" hits="2" signature="()V">
              <lines>
                <line number="23" hits="2"/>
              </lines>
            </method>
            <method name="(anonymous_2)" hits="0" signature="()V">
              <lines>
                <line number="26" hits="0"/>
              </lines>
            </method>
            <method name="(anonymous_3)" hits="105" signature="()V">
              <lines>
                <line number="53" hits="105"/>
              </lines>
            </method>
            <method name="(anonymous_4)" hits="105" signature="()V">
              <lines>
                <line number="54" hits="105"/>
              </lines>
            </method>
            <method name="(anonymous_5)" hits="7" signature="()V">
              <lines>
                <line number="73" hits="7"/>
              </lines>
            </method>
            <method name="(anonymous_6)" hits="0" signature="()V">
              <lines>
                <line number="80" hits="0"/>
              </lines>
            </method>
            <method name="(anonymous_7)" hits="1" signature="()V">
              <lines>
                <line number="96" hits="1"/>
              </lines>
            </method>
          </methods>
          <lines>
            <line number="9" hits="2" branch="false"/>
            <line number="17" hits="2" branch="true" condition-coverage="100% (2/2)"/>
            <line number="20" hits="21" branch="false"/>
            <line number="21" hits="21" branch="false"/>
            <line number="24" hits="2" branch="false"/>
            <line number="25" hits="1" branch="false"/>
            <line number="26" hits="1" branch="false"/>
            <line number="27" hits="0" branch="false"/>
            <line number="31" hits="21" branch="false"/>
            <line number="53" hits="105" branch="false"/>
            <line number="55" hits="105" branch="false"/>
            <line number="73" hits="7" branch="false"/>
            <line number="80" hits="0" branch="false"/>
            <line number="96" hits="1" branch="false"/>
          </lines>
        </class>
      </classes>
    </package>
    <package name="lib" line-rate="1" branch-rate="0.9411">
      <classes>
        <class name="auth.ts" filename="src/lib/auth.ts" line-rate="1" branch-rate="0.9411">
          <methods>
            <method name="storeTokens" hits="2" signature="()V">
              <lines>
                <line number="19" hits="2"/>
              </lines>
            </method>
            <method name="getAccessToken" hits="14" signature="()V">
              <lines>
                <line number="23" hits="14"/>
              </lines>
            </method>
            <method name="getRefreshToken" hits="3" signature="()V">
              <lines>
                <line number="27" hits="3"/>
              </lines>
            </method>
            <method name="clearTokens" hits="2" signature="()V">
              <lines>
                <line number="31" hits="2"/>
              </lines>
            </method>
            <method name="parseAccessToken" hits="5" signature="()V">
              <lines>
                <line number="35" hits="5"/>
              </lines>
            </method>
            <method name="isAuthenticated" hits="3" signature="()V">
              <lines>
                <line number="41" hits="3"/>
              </lines>
            </method>
            <method name="getUserContext" hits="1" signature="()V">
              <lines>
                <line number="47" hits="1"/>
              </lines>
            </method>
            <method name="hasAnyPermission" hits="2" signature="()V">
              <lines>
                <line number="51" hits="2"/>
              </lines>
            </method>
            <method name="redirectToPortal" hits="2" signature="()V">
              <lines>
                <line number="57" hits="2"/>
              </lines>
            </method>
            <method name="authFetch" hits="5" signature="()V">
              <lines>
                <line number="63" hits="5"/>
              </lines>
            </method>
            <method name="tryRefreshToken" hits="2" signature="()V">
              <lines>
                <line number="86" hits="2"/>
              </lines>
            </method>
          </methods>
          <lines>
            <line number="14" hits="3" branch="true" condition-coverage="100% (2/2)"/>
            <line number="17" hits="3" branch="false"/>
            <line number="20" hits="2" branch="false"/>
            <line number="24" hits="14" branch="false"/>
            <line number="28" hits="3" branch="false"/>
            <line number="32" hits="2" branch="false"/>
            <line number="36" hits="5" branch="false"/>
            <line number="37" hits="5" branch="true" condition-coverage="100% (2/2)"/>
            <line number="38" hits="3" branch="false"/>
            <line number="42" hits="3" branch="false"/>
            <line number="43" hits="3" branch="true" condition-coverage="100% (2/2)"/>
            <line number="44" hits="2" branch="false"/>
            <line number="48" hits="1" branch="false"/>
            <line number="52" hits="2" branch="false"/>
            <line number="53" hits="2" branch="true" condition-coverage="100% (2/2)"/>
            <line number="54" hits="1" branch="false"/>
            <line number="58" hits="2" branch="false"/>
            <line number="59" hits="2" branch="false"/>
            <line number="60" hits="2" branch="false"/>
            <line number="67" hits="5" branch="false"/>
            <line number="68" hits="5" branch="false"/>
            <line number="69" hits="5" branch="true" condition-coverage="100% (2/2)"/>
            <line number="70" hits="4" branch="false"/>
            <line number="73" hits="5" branch="false"/>
            <line number="75" hits="5" branch="true" condition-coverage="100% (2/2)"/>
            <line number="76" hits="2" branch="false"/>
            <line number="77" hits="2" branch="true" condition-coverage="100% (2/2)"/>
            <line number="78" hits="1" branch="false"/>
            <line number="79" hits="1" branch="false"/>
            <line number="83" hits="5" branch="false"/>
            <line number="87" hits="2" branch="false"/>
            <line number="88" hits="2" branch="true" condition-coverage="50% (1/2)"/>
            <line number="90" hits="2" branch="false"/>
            <line number="91" hits="2" branch="false"/>
            <line number="92" hits="1" branch="false"/>
            <line number="93" hits="1" branch="false"/>
            <line number="95" hits="1" branch="false"/>
            <line number="96" hits="1" branch="false"/>
          </lines>
        </class>
        <class name="utils.ts" filename="src/lib/utils.ts" line-rate="1" branch-rate="1">
          <methods>
            <method name="cn" hits="105" signature="()V">
              <lines>
                <line number="4" hits="105"/>
              </lines>
            </method>
          </methods>
          <lines>
            <line number="5" hits="105" branch="false"/>
          </lines>
        </class>
      </classes>
    </package>
    <package name="pages" line-rate="0.9722" branch-rate="0.8051999999999999">
      <classes>
        <class name="GroupDetailPage.tsx" filename="src/pages/GroupDetailPage.tsx" line-rate="0.9879000000000001" branch-rate="0.8928">
          <methods>
            <method name="GroupDetailPage" hits="195" signature="()V">
              <lines>
                <line number="7" hits="195"/>
              </lines>
            </method>
            <method name="(anonymous_1)" hits="7" signature="()V">
              <lines>
                <line number="22" hits="7"/>
              </lines>
            </method>
            <method name="(anonymous_2)" hits="4" signature="()V">
              <lines>
                <line number="34" hits="4"/>
              </lines>
            </method>
            <method name="(anonymous_3)" hits="1" signature="()V">
              <lines>
                <line number="38" hits="1"/>
              </lines>
            </method>
            <method name="(anonymous_4)" hits="1" signature="()V">
              <lines>
                <line number="39" hits="1"/>
              </lines>
            </method>
            <method name="(anonymous_5)" hits="2" signature="()V">
              <lines>
                <line number="39" hits="2"/>
              </lines>
            </method>
            <method name="(anonymous_6)" hits="28" signature="()V">
              <lines>
                <line number="42" hits="28"/>
              </lines>
            </method>
            <method name="(anonymous_7)" hits="32" signature="()V">
              <lines>
                <line number="57" hits="32"/>
              </lines>
            </method>
            <method name="(anonymous_8)" hits="28" signature="()V">
              <lines>
                <line number="66" hits="28"/>
              </lines>
            </method>
            <method name="(anonymous_9)" hits="4" signature="()V">
              <lines>
                <line number="70" hits="4"/>
              </lines>
            </method>
            <method name="(anonymous_10)" hits="2" signature="()V">
              <lines>
                <line number="88" hits="2"/>
              </lines>
            </method>
            <method name="(anonymous_11)" hits="2" signature="()V">
              <lines>
                <line number="89" hits="2"/>
              </lines>
            </method>
            <method name="(anonymous_12)" hits="0" signature="()V">
              <lines>
                <line number="92" hits="0"/>
              </lines>
            </method>
            <method name="(anonymous_13)" hits="56" signature="()V">
              <lines>
                <line number="97" hits="56"/>
              </lines>
            </method>
            <method name="(anonymous_14)" hits="84" signature="()V">
              <lines>
                <line number="106" hits="84"/>
              </lines>
            </method>
            <method name="(anonymous_15)" hits="330" signature="()V">
              <lines>
                <line number="109" hits="330"/>
              </lines>
            </method>
            <method name="(anonymous_16)" hits="495" signature="()V">
              <lines>
                <line number="110" hits="495"/>
              </lines>
            </method>
            <method name="(anonymous_17)" hits="660" signature="()V">
              <lines>
                <line number="113" hits="660"/>
              </lines>
            </method>
            <method name="(anonymous_18)" hits="1155" signature="()V">
              <lines>
                <line number="113" hits="1155"/>
              </lines>
            </method>
            <method name="(anonymous_19)" hits="660" signature="()V">
              <lines>
                <line number="114" hits="660"/>
              </lines>
            </method>
            <method name="(anonymous_20)" hits="13" signature="()V">
              <lines>
                <line number="149" hits="13"/>
              </lines>
            </method>
            <method name="(anonymous_21)" hits="41" signature="()V">
              <lines>
                <line number="160" hits="41"/>
              </lines>
            </method>
            <method name="(anonymous_22)" hits="68" signature="()V">
              <lines>
                <line number="171" hits="68"/>
              </lines>
            </method>
            <method name="(anonymous_23)" hits="73" signature="()V">
              <lines>
                <line number="172" hits="73"/>
              </lines>
            </method>
            <method name="(anonymous_24)" hits="24" signature="()V">
              <lines>
                <line number="190" hits="24"/>
              </lines>
            </method>
            <method name="(anonymous_25)" hits="1" signature="()V">
              <lines>
                <line number="198" hits="1"/>
              </lines>
            </method>
            <method name="(anonymous_26)" hits="330" signature="()V">
              <lines>
                <line number="215" hits="330"/>
              </lines>
            </method>
            <method name="(anonymous_27)" hits="2" signature="()V">
              <lines>
                <line number="222" hits="2"/>
              </lines>
            </method>
            <method name="(anonymous_28)" hits="43" signature="()V">
              <lines>
                <line number="247" hits="43"/>
              </lines>
            </method>
            <method name="(anonymous_29)" hits="121" signature="()V">
              <lines>
                <line number="258" hits="121"/>
              </lines>
            </method>
          </methods>
          <lines>
            <line number="8" hits="195" branch="false"/>
            <line number="9" hits="195" branch="false"/>
            <line number="10" hits="195" branch="false"/>
            <line number="12" hits="195" branch="false"/>
            <line number="13" hits="195" branch="false"/>
            <line number="14" hits="195" branch="false"/>
            <line number="15" hits="195" branch="false"/>
            <line number="16" hits="195" branch="false"/>
            <line number="17" hits="195" branch="false"/>
            <line number="18" hits="195" branch="false"/>
            <line number="19" hits="195" branch="false"/>
            <line number="20" hits="195" branch="false"/>
            <line number="22" hits="195" branch="false"/>
            <line number="23" hits="7" branch="false"/>
            <line number="24" hits="7" branch="false"/>
            <line number="25" hits="7" branch="true" condition-coverage="100% (2/2)"/>
            <line number="26" hits="6" branch="true" condition-coverage="100% (2/2)"/>
            <line number="27" hits="1" branch="false"/>
            <line number="28" hits="1" branch="false"/>
            <line number="30" hits="5" branch="true" condition-coverage="100% (2/2)"/>
            <line number="31" hits="1" branch="false"/>
            <line number="32" hits="1" branch="false"/>
            <line number="34" hits="4" branch="false"/>
            <line number="35" hits="4" branch="false"/>
            <line number="38" hits="195" branch="false"/>
            <line number="39" hits="2" branch="false"/>
            <line number="42" hits="195" branch="false"/>
            <line number="43" hits="28" branch="false"/>
            <line number="44" hits="28" branch="false"/>
            <line number="45" hits="28" branch="false"/>
            <line number="46" hits="28" branch="false"/>
            <line number="51" hits="26" branch="false"/>
            <line number="52" hits="26" branch="false"/>
            <line number="54" hits="26" branch="true" condition-coverage="100% (4/4)"/>
            <line number="55" hits="16" branch="false"/>
            <line number="56" hits="16" branch="true" condition-coverage="50% (1/2)"/>
            <line number="57" hits="32" branch="false"/>
            <line number="60" hits="1" branch="true" condition-coverage="50% (1/2)"/>
            <line number="62" hits="27" branch="false"/>
            <line number="66" hits="195" branch="false"/>
            <line number="67" hits="28" branch="false"/>
            <line number="70" hits="195" branch="false"/>
            <line number="71" hits="4" branch="false"/>
            <line number="72" hits="4" branch="false"/>
            <line number="73" hits="4" branch="false"/>
            <line number="74" hits="4" branch="false"/>
            <line number="75" hits="4" branch="true" condition-coverage="100% (2/2)"/>
            <line number="76" hits="2" branch="false"/>
            <line number="77" hits="2" branch="true" condition-coverage="50% (1/2)"/>
            <line number="78" hits="2" branch="false"/>
            <line number="80" hits="3" branch="false"/>
            <line number="82" hits="1" branch="true" condition-coverage="50% (1/2)"/>
            <line number="84" hits="4" branch="false"/>
            <line number="88" hits="195" branch="false"/>
            <line number="89" hits="2" branch="false"/>
            <line number="92" hits="0" branch="false"/>
            <line number="97" hits="195" branch="false"/>
            <line number="98" hits="56" branch="false"/>
            <line number="99" hits="56" branch="false"/>
            <line number="100" hits="54" branch="true" condition-coverage="100% (2/2)"/>
            <line number="101" hits="17" branch="false"/>
            <line number="102" hits="47" branch="false"/>
            <line number="106" hits="84" branch="false"/>
            <line number="109" hits="195" branch="false"/>
            <line number="110" hits="495" branch="false"/>
            <line number="111" hits="330" branch="true" condition-coverage="50% (1/2)"/>
            <line number="112" hits="330" branch="false"/>
            <line number="113" hits="1155" branch="false"/>
            <line number="114" hits="660" branch="false"/>
            <line number="117" hits="195" branch="true" condition-coverage="100% (2/2)"/>
            <line number="118" hits="28" branch="false"/>
            <line number="126" hits="167" branch="false"/>
            <line number="149" hits="13" branch="false"/>
            <line number="160" hits="41" branch="false"/>
            <line number="171" hits="68" branch="false"/>
            <line number="172" hits="73" branch="true" condition-coverage="100% (2/2)"/>
            <line number="191" hits="24" branch="false"/>
            <line number="198" hits="1" branch="false"/>
            <line number="216" hits="330" branch="false"/>
            <line number="217" hits="330" branch="false"/>
            <line number="222" hits="2" branch="false"/>
            <line number="248" hits="43" branch="false"/>
            <line number="259" hits="121" branch="false"/>
          </lines>
        </class>
        <class name="GroupsPage.tsx" filename="src/pages/GroupsPage.tsx" line-rate="1" branch-rate="0.75">
          <methods>
            <method name="GroupsPage" hits="40" signature="()V">
              <lines>
                <line number="7" hits="40"/>
              </lines>
            </method>
            <method name="(anonymous_1)" hits="16" signature="()V">
              <lines>
                <line number="14" hits="16"/>
              </lines>
            </method>
            <method name="(anonymous_2)" hits="72" signature="()V">
              <lines>
                <line number="23" hits="72"/>
              </lines>
            </method>
            <method name="(anonymous_3)" hits="15" signature="()V">
              <lines>
                <line number="33" hits="15"/>
              </lines>
            </method>
            <method name="(anonymous_4)" hits="2" signature="()V">
              <lines>
                <line number="37" hits="2"/>
              </lines>
            </method>
            <method name="(anonymous_5)" hits="2" signature="()V">
              <lines>
                <line number="88" hits="2"/>
              </lines>
            </method>
            <method name="(anonymous_6)" hits="1" signature="()V">
              <lines>
                <line number="94" hits="1"/>
              </lines>
            </method>
            <method name="(anonymous_7)" hits="46" signature="()V">
              <lines>
                <line number="116" hits="46"/>
              </lines>
            </method>
            <method name="(anonymous_8)" hits="6" signature="()V">
              <lines>
                <line number="133" hits="6"/>
              </lines>
            </method>
          </methods>
          <lines>
            <line number="8" hits="40" branch="false"/>
            <line number="9" hits="40" branch="false"/>
            <line number="10" hits="40" branch="false"/>
            <line number="11" hits="40" branch="false"/>
            <line number="12" hits="40" branch="false"/>
            <line number="14" hits="40" branch="false"/>
            <line number="15" hits="16" branch="false"/>
            <line number="16" hits="16" branch="false"/>
            <line number="17" hits="16" branch="false"/>
            <line number="18" hits="16" branch="false"/>
            <line number="19" hits="14" branch="false"/>
            <line number="21" hits="14" branch="false"/>
            <line number="22" hits="14" branch="false"/>
            <line number="23" hits="72" branch="false"/>
            <line number="25" hits="14" branch="false"/>
            <line number="27" hits="1" branch="true" condition-coverage="50% (1/2)"/>
            <line number="29" hits="15" branch="false"/>
            <line number="33" hits="40" branch="false"/>
            <line number="34" hits="15" branch="false"/>
            <line number="37" hits="40" branch="false"/>
            <line number="38" hits="2" branch="false"/>
            <line number="39" hits="2" branch="false"/>
            <line number="40" hits="2" branch="false"/>
            <line number="41" hits="1" branch="false"/>
            <line number="42" hits="1" branch="false"/>
            <line number="44" hits="1" branch="true" condition-coverage="50% (1/2)"/>
            <line number="48" hits="40" branch="true" condition-coverage="100% (2/2)"/>
            <line number="49" hits="15" branch="false"/>
            <line number="57" hits="25" branch="false"/>
            <line number="88" hits="2" branch="false"/>
            <line number="94" hits="1" branch="false"/>
            <line number="117" hits="46" branch="false"/>
            <line number="133" hits="6" branch="false"/>
          </lines>
        </class>
        <class name="LoginPage.tsx" filename="src/pages/LoginPage.tsx" line-rate="1" branch-rate="1">
          <methods>
            <method name="LoginPage" hits="2" signature="()V">
              <lines>
                <line number="1" hits="2"/>
              </lines>
            </method>
          </methods>
          <lines>
            <line number="2" hits="2" branch="false"/>
          </lines>
        </class>
        <class name="PermissionsPage.tsx" filename="src/pages/PermissionsPage.tsx" line-rate="0.9843000000000001" branch-rate="0.8332999999999999">
          <methods>
            <method name="PermissionsPage" hits="123" signature="()V">
              <lines>
                <line number="6" hits="123"/>
              </lines>
            </method>
            <method name="(anonymous_1)" hits="22" signature="()V">
              <lines>
                <line number="17" hits="22"/>
              </lines>
            </method>
            <method name="(anonymous_2)" hits="19" signature="()V">
              <lines>
                <line number="31" hits="19"/>
              </lines>
            </method>
            <method name="(anonymous_3)" hits="2" signature="()V">
              <lines>
                <line number="35" hits="2"/>
              </lines>
            </method>
            <method name="(anonymous_4)" hits="2" signature="()V">
              <lines>
                <line number="47" hits="2"/>
              </lines>
            </method>
            <method name="(anonymous_5)" hits="2" signature="()V">
              <lines>
                <line number="58" hits="2"/>
              </lines>
            </method>
            <method name="(anonymous_6)" hits="4" signature="()V">
              <lines>
                <line number="69" hits="4"/>
              </lines>
            </method>
            <method name="(anonymous_7)" hits="9" signature="()V">
              <lines>
                <line number="74" hits="9"/>
              </lines>
            </method>
            <method name="(anonymous_8)" hits="8" signature="()V">
              <lines>
                <line number="75" hits="8"/>
              </lines>
            </method>
            <method name="(anonymous_9)" hits="4" signature="()V">
              <lines>
                <line number="92" hits="4"/>
              </lines>
            </method>
            <method name="(anonymous_10)" hits="23" signature="()V">
              <lines>
                <line number="114" hits="23"/>
              </lines>
            </method>
            <method name="(anonymous_11)" hits="14" signature="()V">
              <lines>
                <line number="122" hits="14"/>
              </lines>
            </method>
            <method name="(anonymous_12)" hits="1" signature="()V">
              <lines>
                <line number="135" hits="1"/>
              </lines>
            </method>
            <method name="(anonymous_13)" hits="2" signature="()V">
              <lines>
                <line number="160" hits="2"/>
              </lines>
            </method>
            <method name="(anonymous_14)" hits="1" signature="()V">
              <lines>
                <line number="166" hits="1"/>
              </lines>
            </method>
            <method name="(anonymous_15)" hits="302" signature="()V">
              <lines>
                <line number="185" hits="302"/>
              </lines>
            </method>
            <method name="(anonymous_16)" hits="0" signature="()V">
              <lines>
                <line number="193" hits="0"/>
              </lines>
            </method>
            <method name="(anonymous_17)" hits="20" signature="()V">
              <lines>
                <line number="202" hits="20"/>
              </lines>
            </method>
            <method name="(anonymous_18)" hits="2" signature="()V">
              <lines>
                <line number="210" hits="2"/>
              </lines>
            </method>
            <method name="(anonymous_19)" hits="1" signature="()V">
              <lines>
                <line number="217" hits="1"/>
              </lines>
            </method>
            <method name="(anonymous_20)" hits="4" signature="()V">
              <lines>
                <line number="233" hits="4"/>
              </lines>
            </method>
            <method name="(anonymous_21)" hits="6" signature="()V">
              <lines>
                <line number="241" hits="6"/>
              </lines>
            </method>
          </methods>
          <lines>
            <line number="7" hits="123" branch="false"/>
            <line number="8" hits="123" branch="false"/>
            <line number="9" hits="123" branch="false"/>
            <line number="10" hits="123" branch="false"/>
            <line number="11" hits="123" branch="false"/>
            <line number="12" hits="123" branch="false"/>
            <line number="13" hits="123" branch="false"/>
            <line number="14" hits="123" branch="false"/>
            <line number="15" hits="123" branch="false"/>
            <line number="17" hits="123" branch="false"/>
            <line number="18" hits="22" branch="false"/>
            <line number="19" hits="22" branch="false"/>
            <line number="20" hits="22" branch="false"/>
            <line number="21" hits="22" branch="false"/>
            <line number="22" hits="20" branch="false"/>
            <line number="23" hits="20" branch="false"/>
            <line number="25" hits="1" branch="true" condition-coverage="50% (1/2)"/>
            <line number="27" hits="21" branch="false"/>
            <line number="31" hits="123" branch="false"/>
            <line number="32" hits="19" branch="false"/>
            <line number="35" hits="123" branch="false"/>
            <line number="36" hits="2" branch="false"/>
            <line number="37" hits="2" branch="false"/>
            <line number="38" hits="2" branch="false"/>
            <line number="39" hits="1" branch="false"/>
            <line number="40" hits="1" branch="false"/>
            <line number="41" hits="1" branch="false"/>
            <line number="43" hits="1" branch="true" condition-coverage="50% (1/2)"/>
            <line number="47" hits="123" branch="false"/>
            <line number="48" hits="2" branch="false"/>
            <line number="49" hits="2" branch="false"/>
            <line number="50" hits="2" branch="false"/>
            <line number="51" hits="1" branch="false"/>
            <line number="52" hits="1" branch="false"/>
            <line number="54" hits="1" branch="true" condition-coverage="50% (1/2)"/>
            <line number="58" hits="123" branch="false"/>
            <line number="59" hits="2" branch="false"/>
            <line number="60" hits="2" branch="false"/>
            <line number="61" hits="2" branch="false"/>
            <line number="62" hits="1" branch="false"/>
            <line number="63" hits="1" branch="false"/>
            <line number="65" hits="1" branch="true" condition-coverage="50% (1/2)"/>
            <line number="69" hits="123" branch="false"/>
            <line number="70" hits="4" branch="false"/>
            <line number="71" hits="4" branch="false"/>
            <line number="74" hits="123" branch="false"/>
            <line number="75" hits="9" branch="false"/>
            <line number="78" hits="123" branch="true" condition-coverage="100% (2/2)"/>
            <line number="79" hits="19" branch="false"/>
            <line number="87" hits="104" branch="false"/>
            <line number="92" hits="4" branch="false"/>
            <line number="114" hits="23" branch="false"/>
            <line number="122" hits="14" branch="false"/>
            <line number="136" hits="1" branch="false"/>
            <line number="137" hits="1" branch="false"/>
            <line number="160" hits="2" branch="false"/>
            <line number="166" hits="1" branch="false"/>
            <line number="186" hits="302" branch="false"/>
            <line number="193" hits="0" branch="false"/>
            <line number="202" hits="20" branch="false"/>
            <line number="210" hits="2" branch="false"/>
            <line number="217" hits="1" branch="false"/>
            <line number="233" hits="4" branch="false"/>
            <line number="241" hits="6" branch="false"/>
          </lines>
        </class>
        <class name="RoleDetailPage.tsx" filename="src/pages/RoleDetailPage.tsx" line-rate="0.9814" branch-rate="0.8108">
          <methods>
            <method name="groupPermissionsByService" hits="60" signature="()V">
              <lines>
                <line number="7" hits="60"/>
              </lines>
            </method>
            <method name="RoleDetailPage" hits="60" signature="()V">
              <lines>
                <line number="20" hits="60"/>
              </lines>
            </method>
            <method name="(anonymous_2)" hits="14" signature="()V">
              <lines>
                <line number="31" hits="14"/>
              </lines>
            </method>
            <method name="(anonymous_3)" hits="14" signature="()V">
              <lines>
                <line number="49" hits="14"/>
              </lines>
            </method>
            <method name="(anonymous_4)" hits="3" signature="()V">
              <lines>
                <line number="53" hits="3"/>
              </lines>
            </method>
            <method name="(anonymous_5)" hits="1" signature="()V">
              <lines>
                <line number="71" hits="1"/>
              </lines>
            </method>
            <method name="(anonymous_6)" hits="1" signature="()V">
              <lines>
                <line number="72" hits="1"/>
              </lines>
            </method>
            <method name="(anonymous_7)" hits="0" signature="()V">
              <lines>
                <line number="75" hits="0"/>
              </lines>
            </method>
            <method name="(anonymous_8)" hits="8" signature="()V">
              <lines>
                <line number="114" hits="8"/>
              </lines>
            </method>
            <method name="(anonymous_9)" hits="18" signature="()V">
              <lines>
                <line number="125" hits="18"/>
              </lines>
            </method>
            <method name="(anonymous_10)" hits="44" signature="()V">
              <lines>
                <line number="136" hits="44"/>
              </lines>
            </method>
            <method name="(anonymous_11)" hits="88" signature="()V">
              <lines>
                <line number="137" hits="88"/>
              </lines>
            </method>
            <method name="(anonymous_12)" hits="176" signature="()V">
              <lines>
                <line number="141" hits="176"/>
              </lines>
            </method>
            <method name="(anonymous_13)" hits="1" signature="()V">
              <lines>
                <line number="146" hits="1"/>
              </lines>
            </method>
          </methods>
          <lines>
            <line number="8" hits="60" branch="false"/>
            <line number="9" hits="60" branch="false"/>
            <line number="10" hits="176" branch="false"/>
            <line number="11" hits="176" branch="true" condition-coverage="25% (1/4)"/>
            <line number="12" hits="176" branch="true" condition-coverage="100% (2/2)"/>
            <line number="13" hits="88" branch="false"/>
            <line number="15" hits="176" branch="false"/>
            <line number="17" hits="60" branch="false"/>
            <line number="21" hits="60" branch="false"/>
            <line number="22" hits="60" branch="false"/>
            <line number="23" hits="60" branch="false"/>
            <line number="25" hits="60" branch="false"/>
            <line number="26" hits="60" branch="false"/>
            <line number="27" hits="60" branch="false"/>
            <line number="28" hits="60" branch="false"/>
            <line number="29" hits="60" branch="false"/>
            <line number="31" hits="60" branch="false"/>
            <line number="32" hits="14" branch="false"/>
            <line number="33" hits="14" branch="false"/>
            <line number="34" hits="14" branch="false"/>
            <line number="35" hits="14" branch="false"/>
            <line number="36" hits="12" branch="false"/>
            <line number="38" hits="12" branch="true" condition-coverage="100% (4/4)"/>
            <line number="39" hits="9" branch="false"/>
            <line number="40" hits="9" branch="false"/>
            <line number="43" hits="1" branch="true" condition-coverage="50% (1/2)"/>
            <line number="45" hits="13" branch="false"/>
            <line number="49" hits="60" branch="false"/>
            <line number="50" hits="14" branch="false"/>
            <line number="53" hits="60" branch="false"/>
            <line number="54" hits="3" branch="false"/>
            <line number="55" hits="3" branch="false"/>
            <line number="56" hits="3" branch="false"/>
            <line number="57" hits="3" branch="false"/>
            <line number="58" hits="3" branch="true" condition-coverage="100% (2/2)"/>
            <line number="59" hits="1" branch="false"/>
            <line number="60" hits="2" branch="true" condition-coverage="50% (1/2)"/>
            <line number="61" hits="2" branch="false"/>
            <line number="63" hits="2" branch="false"/>
            <line number="65" hits="1" branch="true" condition-coverage="50% (1/2)"/>
            <line number="67" hits="3" branch="false"/>
            <line number="71" hits="60" branch="false"/>
            <line number="72" hits="1" branch="false"/>
            <line number="75" hits="0" branch="false"/>
            <line number="80" hits="60" branch="false"/>
            <line number="82" hits="60" branch="true" condition-coverage="100% (2/2)"/>
            <line number="83" hits="14" branch="false"/>
            <line number="91" hits="46" branch="false"/>
            <line number="114" hits="8" branch="false"/>
            <line number="125" hits="18" branch="false"/>
            <line number="136" hits="44" branch="false"/>
            <line number="138" hits="88" branch="false"/>
            <line number="142" hits="176" branch="false"/>
            <line number="146" hits="1" branch="false"/>
          </lines>
        </class>
        <class name="RolesPage.tsx" filename="src/pages/RolesPage.tsx" line-rate="1" branch-rate="0.8571">
          <methods>
            <method name="RolesPage" hits="38" signature="()V">
              <lines>
                <line number="7" hits="38"/>
              </lines>
            </method>
            <method name="(anonymous_1)" hits="15" signature="()V">
              <lines>
                <line number="14" hits="15"/>
              </lines>
            </method>
            <method name="(anonymous_2)" hits="14" signature="()V">
              <lines>
                <line number="28" hits="14"/>
              </lines>
            </method>
            <method name="(anonymous_3)" hits="2" signature="()V">
              <lines>
                <line number="32" hits="2"/>
              </lines>
            </method>
            <method name="(anonymous_4)" hits="9" signature="()V">
              <lines>
                <line number="43" hits="9"/>
              </lines>
            </method>
            <method name="(anonymous_5)" hits="10" signature="()V">
              <lines>
                <line number="44" hits="10"/>
              </lines>
            </method>
            <method name="(anonymous_6)" hits="2" signature="()V">
              <lines>
                <line number="87" hits="2"/>
              </lines>
            </method>
            <method name="(anonymous_7)" hits="1" signature="()V">
              <lines>
                <line number="93" hits="1"/>
              </lines>
            </method>
            <method name="(anonymous_8)" hits="44" signature="()V">
              <lines>
                <line number="113" hits="44"/>
              </lines>
            </method>
            <method name="(anonymous_9)" hits="6" signature="()V">
              <lines>
                <line number="128" hits="6"/>
              </lines>
            </method>
          </methods>
          <lines>
            <line number="8" hits="38" branch="false"/>
            <line number="9" hits="38" branch="false"/>
            <line number="10" hits="38" branch="false"/>
            <line number="11" hits="38" branch="false"/>
            <line number="12" hits="38" branch="false"/>
            <line number="14" hits="38" branch="false"/>
            <line number="15" hits="15" branch="false"/>
            <line number="16" hits="15" branch="false"/>
            <line number="17" hits="15" branch="false"/>
            <line number="18" hits="15" branch="false"/>
            <line number="19" hits="13" branch="false"/>
            <line number="20" hits="13" branch="false"/>
            <line number="22" hits="1" branch="true" condition-coverage="50% (1/2)"/>
            <line number="24" hits="14" branch="false"/>
            <line number="28" hits="38" branch="false"/>
            <line number="29" hits="14" branch="false"/>
            <line number="32" hits="38" branch="false"/>
            <line number="33" hits="2" branch="false"/>
            <line number="34" hits="2" branch="false"/>
            <line number="35" hits="2" branch="false"/>
            <line number="36" hits="1" branch="false"/>
            <line number="37" hits="1" branch="false"/>
            <line number="39" hits="1" branch="true" condition-coverage="50% (1/2)"/>
            <line number="43" hits="38" branch="false"/>
            <line number="44" hits="10" branch="false"/>
            <line number="47" hits="38" branch="true" condition-coverage="100% (2/2)"/>
            <line number="48" hits="14" branch="false"/>
            <line number="56" hits="24" branch="false"/>
            <line number="87" hits="2" branch="false"/>
            <line number="93" hits="1" branch="false"/>
            <line number="114" hits="44" branch="false"/>
            <line number="128" hits="6" branch="false"/>
          </lines>
        </class>
        <class name="SettingsPage.tsx" filename="src/pages/SettingsPage.tsx" line-rate="1" branch-rate="0.8332999999999999">
          <methods>
            <method name="SettingsPage" hits="39" signature="()V">
              <lines>
                <line number="4" hits="39"/>
              </lines>
            </method>
            <method name="(anonymous_1)" hits="6" signature="()V">
              <lines>
                <line number="11" hits="6"/>
              </lines>
            </method>
            <method name="(anonymous_2)" hits="4" signature="()V">
              <lines>
                <line number="15" hits="4"/>
              </lines>
            </method>
            <method name="(anonymous_3)" hits="1" signature="()V">
              <lines>
                <line number="18" hits="1"/>
              </lines>
            </method>
            <method name="(anonymous_4)" hits="5" signature="()V">
              <lines>
                <line number="21" hits="5"/>
              </lines>
            </method>
            <method name="handleSubmit" hits="2" signature="()V">
              <lines>
                <line number="26" hits="2"/>
              </lines>
            </method>
            <method name="(anonymous_6)" hits="24" signature="()V">
              <lines>
                <line number="84" hits="24"/>
              </lines>
            </method>
          </methods>
          <lines>
            <line number="5" hits="39" branch="false"/>
            <line number="6" hits="39" branch="false"/>
            <line number="7" hits="39" branch="false"/>
            <line number="8" hits="39" branch="false"/>
            <line number="9" hits="39" branch="false"/>
            <line number="11" hits="39" branch="false"/>
            <line number="12" hits="6" branch="false"/>
            <line number="13" hits="6" branch="false"/>
            <line number="14" hits="6" branch="false"/>
            <line number="16" hits="4" branch="false"/>
            <line number="19" hits="1" branch="true" condition-coverage="50% (1/2)"/>
            <line number="22" hits="5" branch="false"/>
            <line number="27" hits="2" branch="false"/>
            <line number="28" hits="2" branch="false"/>
            <line number="29" hits="2" branch="false"/>
            <line number="30" hits="2" branch="false"/>
            <line number="31" hits="2" branch="false"/>
            <line number="32" hits="2" branch="false"/>
            <line number="33" hits="1" branch="false"/>
            <line number="35" hits="1" branch="true" condition-coverage="50% (1/2)"/>
            <line number="37" hits="2" branch="false"/>
            <line number="41" hits="39" branch="true" condition-coverage="100% (2/2)"/>
            <line number="42" hits="6" branch="false"/>
            <line number="50" hits="33" branch="false"/>
            <line number="84" hits="24" branch="false"/>
          </lines>
        </class>
        <class name="UserDetailPage.tsx" filename="src/pages/UserDetailPage.tsx" line-rate="0.9326000000000001" branch-rate="0.7162000000000001">
          <methods>
            <method name="UserDetailPage" hits="120" signature="()V">
              <lines>
                <line number="9" hits="120"/>
              </lines>
            </method>
            <method name="(anonymous_1)" hits="24" signature="()V">
              <lines>
                <line number="35" hits="24"/>
              </lines>
            </method>
            <method name="(anonymous_2)" hits="22" signature="()V">
              <lines>
                <line number="41" hits="22"/>
              </lines>
            </method>
            <method name="(anonymous_3)" hits="1" signature="()V">
              <lines>
                <line number="47" hits="1"/>
              </lines>
            </method>
            <method name="(anonymous_4)" hits="23" signature="()V">
              <lines>
                <line number="50" hits="23"/>
              </lines>
            </method>
            <method name="getGroupName" hits="188" signature="()V">
              <lines>
                <line number="55" hits="188"/>
              </lines>
            </method>
            <method name="(anonymous_6)" hits="190" signature="()V">
              <lines>
                <line number="56" hits="190"/>
              </lines>
            </method>
            <method name="availableGroups" hits="189" signature="()V">
              <lines>
                <line number="59" hits="189"/>
              </lines>
            </method>
            <method name="(anonymous_8)" hits="378" signature="()V">
              <lines>
                <line number="61" hits="378"/>
              </lines>
            </method>
            <method name="handleSave" hits="4" signature="()V">
              <lines>
                <line number="64" hits="4"/>
              </lines>
            </method>
            <method name="handleDelete" hits="1" signature="()V">
              <lines>
                <line number="88" hits="1"/>
              </lines>
            </method>
            <method name="handleResetPassword" hits="2" signature="()V">
              <lines>
                <line number="102" hits="2"/>
              </lines>
            </method>
            <method name="handleAddGroup" hits="1" signature="()V">
              <lines>
                <line number="124" hits="1"/>
              </lines>
            </method>
            <method name="(anonymous_13)" hits="1" signature="()V">
              <lines>
                <line number="129" hits="1"/>
              </lines>
            </method>
            <method name="handleRemoveGroup" hits="1" signature="()V">
              <lines>
                <line number="138" hits="1"/>
              </lines>
            </method>
            <method name="(anonymous_15)" hits="1" signature="()V">
              <lines>
                <line number="143" hits="1"/>
              </lines>
            </method>
            <method name="(anonymous_16)" hits="1" signature="()V">
              <lines>
                <line number="145" hits="1"/>
              </lines>
            </method>
            <method name="(anonymous_17)" hits="0" signature="()V">
              <lines>
                <line number="168" hits="0"/>
              </lines>
            </method>
            <method name="(anonymous_18)" hits="0" signature="()V">
              <lines>
                <line number="181" hits="0"/>
              </lines>
            </method>
            <method name="(anonymous_19)" hits="4" signature="()V">
              <lines>
                <line number="190" hits="4"/>
              </lines>
            </method>
            <method name="(anonymous_20)" hits="3" signature="()V">
              <lines>
                <line number="197" hits="3"/>
              </lines>
            </method>
            <method name="(anonymous_21)" hits="22" signature="()V">
              <lines>
                <line number="232" hits="22"/>
              </lines>
            </method>
            <method name="(anonymous_22)" hits="10" signature="()V">
              <lines>
                <line number="247" hits="10"/>
              </lines>
            </method>
            <method name="(anonymous_23)" hits="94" signature="()V">
              <lines>
                <line number="303" hits="94"/>
              </lines>
            </method>
            <method name="(anonymous_24)" hits="1" signature="()V">
              <lines>
                <line number="310" hits="1"/>
              </lines>
            </method>
            <method name="(anonymous_25)" hits="1" signature="()V">
              <lines>
                <line number="326" hits="1"/>
              </lines>
            </method>
            <method name="(anonymous_26)" hits="96" signature="()V">
              <lines>
                <line number="330" hits="96"/>
              </lines>
            </method>
            <method name="(anonymous_27)" hits="1" signature="()V">
              <lines>
                <line number="359" hits="1"/>
              </lines>
            </method>
            <method name="(anonymous_28)" hits="15" signature="()V">
              <lines>
                <line number="401" hits="15"/>
              </lines>
            </method>
            <method name="(anonymous_29)" hits="1" signature="()V">
              <lines>
                <line number="408" hits="1"/>
              </lines>
            </method>
          </methods>
          <lines>
            <line number="10" hits="120" branch="false"/>
            <line number="11" hits="120" branch="false"/>
            <line number="13" hits="120" branch="false"/>
            <line number="14" hits="120" branch="false"/>
            <line number="15" hits="120" branch="false"/>
            <line number="16" hits="120" branch="false"/>
            <line number="17" hits="120" branch="false"/>
            <line number="18" hits="120" branch="false"/>
            <line number="21" hits="120" branch="false"/>
            <line number="22" hits="120" branch="false"/>
            <line number="25" hits="120" branch="false"/>
            <line number="26" hits="120" branch="false"/>
            <line number="27" hits="120" branch="false"/>
            <line number="28" hits="120" branch="false"/>
            <line number="29" hits="120" branch="false"/>
            <line number="30" hits="120" branch="false"/>
            <line number="33" hits="120" branch="false"/>
            <line number="35" hits="120" branch="false"/>
            <line number="36" hits="24" branch="true" condition-coverage="50% (1/2)"/>
            <line number="37" hits="24" branch="false"/>
            <line number="38" hits="24" branch="false"/>
            <line number="40" hits="24" branch="false"/>
            <line number="42" hits="22" branch="false"/>
            <line number="43" hits="22" branch="false"/>
            <line number="44" hits="22" branch="false"/>
            <line number="45" hits="22" branch="false"/>
            <line number="48" hits="1" branch="true" condition-coverage="50% (1/2)"/>
            <line number="51" hits="23" branch="false"/>
            <line number="56" hits="190" branch="true" condition-coverage="50% (1/2)"/>
            <line number="60" hits="189" branch="true" condition-coverage="50% (1/2)"/>
            <line number="61" hits="378" branch="false"/>
            <line number="65" hits="4" branch="true" condition-coverage="75% (3/4)"/>
            <line number="66" hits="4" branch="false"/>
            <line number="67" hits="4" branch="false"/>
            <line number="68" hits="4" branch="false"/>
            <line number="69" hits="4" branch="false"/>
            <line number="70" hits="4" branch="false"/>
            <line number="71" hits="4" branch="true" condition-coverage="100% (2/2)"/>
            <line number="72" hits="4" branch="true" condition-coverage="100% (2/2)"/>
            <line number="74" hits="4" branch="true" condition-coverage="100% (2/2)"/>
            <line number="75" hits="3" branch="false"/>
            <line number="76" hits="2" branch="false"/>
            <line number="77" hits="2" branch="false"/>
            <line number="78" hits="2" branch="false"/>
            <line number="80" hits="3" branch="false"/>
            <line number="82" hits="1" branch="true" condition-coverage="50% (1/2)"/>
            <line number="84" hits="4" branch="false"/>
            <line number="89" hits="1" branch="true" condition-coverage="50% (1/2)"/>
            <line number="90" hits="1" branch="false"/>
            <line number="91" hits="1" branch="false"/>
            <line number="92" hits="1" branch="false"/>
            <line number="93" hits="1" branch="false"/>
            <line number="95" hits="0" branch="true" condition-coverage="0% (0/2)"/>
            <line number="96" hits="0" branch="false"/>
            <line number="98" hits="1" branch="false"/>
            <line number="103" hits="2" branch="true" condition-coverage="50% (1/2)"/>
            <line number="104" hits="2" branch="false"/>
            <line number="105" hits="2" branch="true" condition-coverage="100% (2/2)"/>
            <line number="106" hits="1" branch="false"/>
            <line number="107" hits="1" branch="false"/>
            <line number="109" hits="1" branch="false"/>
            <line number="110" hits="1" branch="false"/>
            <line number="111" hits="1" branch="false"/>
            <line number="112" hits="1" branch="false"/>
            <line number="113" hits="1" branch="false"/>
            <line number="114" hits="1" branch="false"/>
            <line number="116" hits="0" branch="false"/>
            <line number="120" hits="1" branch="false"/>
            <line number="125" hits="1" branch="true" condition-coverage="75% (3/4)"/>
            <line number="126" hits="1" branch="false"/>
            <line number="127" hits="1" branch="false"/>
            <line number="128" hits="1" branch="false"/>
            <line number="129" hits="1" branch="false"/>
            <line number="130" hits="1" branch="true" condition-coverage="50% (1/2)"/>
            <line number="132" hits="1" branch="false"/>
            <line number="134" hits="0" branch="true" condition-coverage="0% (0/2)"/>
            <line number="139" hits="1" branch="true" condition-coverage="50% (1/2)"/>
            <line number="140" hits="1" branch="false"/>
            <line number="141" hits="1" branch="false"/>
            <line number="142" hits="1" branch="false"/>
            <line number="143" hits="1" branch="false"/>
            <line number="144" hits="1" branch="true" condition-coverage="50% (1/2)"/>
            <line number="145" hits="1" branch="false"/>
            <line number="149" hits="0" branch="true" condition-coverage="0% (0/2)"/>
            <line number="153" hits="120" branch="true" condition-coverage="100% (2/2)"/>
            <line number="154" hits="24" branch="false"/>
            <line number="162" hits="96" branch="true" condition-coverage="100% (2/2)"/>
            <line number="163" hits="1" branch="false"/>
            <line number="168" hits="0" branch="false"/>
            <line number="177" hits="95" branch="false"/>
            <line number="181" hits="0" branch="false"/>
            <line number="190" hits="4" branch="false"/>
            <line number="197" hits="3" branch="false"/>
            <line number="232" hits="22" branch="false"/>
            <line number="247" hits="10" branch="false"/>
            <line number="304" hits="94" branch="false"/>
            <line number="310" hits="1" branch="false"/>
            <line number="326" hits="1" branch="false"/>
            <line number="331" hits="96" branch="false"/>
            <line number="359" hits="1" branch="false"/>
            <line number="401" hits="15" branch="false"/>
            <line number="409" hits="1" branch="false"/>
            <line number="410" hits="1" branch="false"/>
            <line number="411" hits="1" branch="false"/>
          </lines>
        </class>
        <class name="UsersPage.tsx" filename="src/pages/UsersPage.tsx" line-rate="0.9459000000000001" branch-rate="0.8332999999999999">
          <methods>
            <method name="UsersPage" hits="62" signature="()V">
              <lines>
                <line number="9" hits="62"/>
              </lines>
            </method>
            <method name="(anonymous_1)" hits="19" signature="()V">
              <lines>
                <line number="19" hits="19"/>
              </lines>
            </method>
            <method name="(anonymous_2)" hits="14" signature="()V">
              <lines>
                <line number="24" hits="14"/>
              </lines>
            </method>
            <method name="(anonymous_3)" hits="4" signature="()V">
              <lines>
                <line number="28" hits="4"/>
              </lines>
            </method>
            <method name="(anonymous_4)" hits="18" signature="()V">
              <lines>
                <line number="31" hits="18"/>
              </lines>
            </method>
            <method name="getGroupName" hits="76" signature="()V">
              <lines>
                <line number="36" hits="76"/>
              </lines>
            </method>
            <method name="(anonymous_6)" hits="102" signature="()V">
              <lines>
                <line number="37" hits="102"/>
              </lines>
            </method>
            <method name="(anonymous_7)" hits="125" signature="()V">
              <lines>
                <line number="40" hits="125"/>
              </lines>
            </method>
            <method name="handleDelete" hits="1" signature="()V">
              <lines>
                <line number="48" hits="1"/>
              </lines>
            </method>
            <method name="(anonymous_9)" hits="1" signature="()V">
              <lines>
                <line number="53" hits="1"/>
              </lines>
            </method>
            <method name="(anonymous_10)" hits="3" signature="()V">
              <lines>
                <line number="53" hits="3"/>
              </lines>
            </method>
            <method name="(anonymous_11)" hits="22" signature="()V">
              <lines>
                <line number="91" hits="22"/>
              </lines>
            </method>
            <method name="(anonymous_12)" hits="71" signature="()V">
              <lines>
                <line number="121" hits="71"/>
              </lines>
            </method>
            <method name="(anonymous_13)" hits="76" signature="()V">
              <lines>
                <line number="142" hits="76"/>
              </lines>
            </method>
            <method name="(anonymous_14)" hits="0" signature="()V">
              <lines>
                <line number="169" hits="0"/>
              </lines>
            </method>
            <method name="(anonymous_15)" hits="3" signature="()V">
              <lines>
                <line number="177" hits="3"/>
              </lines>
            </method>
            <method name="(anonymous_16)" hits="1" signature="()V">
              <lines>
                <line number="214" hits="1"/>
              </lines>
            </method>
          </methods>
          <lines>
            <line number="10" hits="62" branch="false"/>
            <line number="11" hits="62" branch="false"/>
            <line number="12" hits="62" branch="false"/>
            <line number="13" hits="62" branch="false"/>
            <line number="14" hits="62" branch="false"/>
            <line number="15" hits="62" branch="false"/>
            <line number="16" hits="62" branch="false"/>
            <line number="17" hits="62" branch="false"/>
            <line number="19" hits="62" branch="false"/>
            <line number="20" hits="19" branch="false"/>
            <line number="21" hits="19" branch="false"/>
            <line number="23" hits="19" branch="false"/>
            <line number="25" hits="14" branch="false"/>
            <line number="26" hits="14" branch="false"/>
            <line number="29" hits="4" branch="true" condition-coverage="50% (1/2)"/>
            <line number="32" hits="18" branch="false"/>
            <line number="37" hits="102" branch="true" condition-coverage="50% (1/2)"/>
            <line number="40" hits="62" branch="false"/>
            <line number="41" hits="125" branch="false"/>
            <line number="42" hits="125" branch="false"/>
            <line number="49" hits="1" branch="true" condition-coverage="50% (1/2)"/>
            <line number="50" hits="1" branch="false"/>
            <line number="51" hits="1" branch="false"/>
            <line number="52" hits="1" branch="false"/>
            <line number="53" hits="3" branch="false"/>
            <line number="54" hits="1" branch="false"/>
            <line number="56" hits="0" branch="false"/>
            <line number="60" hits="1" branch="false"/>
            <line number="64" hits="62" branch="true" condition-coverage="100% (2/2)"/>
            <line number="65" hits="19" branch="false"/>
            <line number="73" hits="43" branch="false"/>
            <line number="91" hits="22" branch="false"/>
            <line number="122" hits="71" branch="false"/>
            <line number="143" hits="76" branch="false"/>
            <line number="169" hits="0" branch="false"/>
            <line number="177" hits="3" branch="false"/>
            <line number="214" hits="1" branch="false"/>
          </lines>
        </class>
      </classes>
    </package>
  </packages>
</coverage>
